services/crony/app/build/outputs/logs/manifest-merger-debug-report.txt
-- Merging decision tree log ---
manifest
ADDED from src/main/AndroidManifest.xml:2:1-64:12
	package
		ADDED from src/main/AndroidManifest.xml:3:5-36
		INJECTED from src/main/AndroidManifest.xml
		INJECTED from src/main/AndroidManifest.xml
	android:versionName
		INJECTED from src/main/AndroidManifest.xml
		INJECTED from src/main/AndroidManifest.xml
	xmlns:android
		ADDED from src/main/AndroidManifest.xml:2:11-69
	android:versionCode
		INJECTED from src/main/AndroidManifest.xml
		INJECTED from src/main/AndroidManifest.xml
uses-permission#android.permission.INTERNET
ADDED from src/main/AndroidManifest.xml:5:5-67
	android:name
		ADDED from src/main/AndroidManifest.xml:5:22-64
uses-permission-sdk-23
ADDED from src/main/AndroidManifest.xml:7:5-74
	android:name
		ADDED from src/main/AndroidManifest.xml:7:29-71
uses-permission#android.permission.ACCESS_NETWORK_STATE
ADDED from src/main/AndroidManifest.xml:9:5-79
	android:name
		ADDED from src/main/AndroidManifest.xml:9:22-76
uses-permission#android.permission.READ_PHONE_STATE
ADDED from src/main/AndroidManifest.xml:10:5-75
	android:name
		ADDED from src/main/AndroidManifest.xml:10:22-72
uses-permission#android.permission.READ_SMS
ADDED from src/main/AndroidManifest.xml:11:5-67
	android:name
		ADDED from src/main/AndroidManifest.xml:11:22-64
uses-permission#android.permission.RECEIVE_SMS
ADDED from src/main/AndroidManifest.xml:12:5-70
	android:name
		ADDED from src/main/AndroidManifest.xml:12:22-67
uses-permission#android.permission.SEND_SMS
ADDED from src/main/AndroidManifest.xml:13:5-67
	android:name
		ADDED from src/main/AndroidManifest.xml:13:22-64
uses-permission#android.permission.WRITE_EXTERNAL_STORAGE
ADDED from src/main/AndroidManifest.xml:14:5-81
	android:name
		ADDED from src/main/AndroidManifest.xml:14:22-78
uses-permission#android.permission.READ_EXTERNAL_STORAGE
ADDED from src/main/AndroidManifest.xml:15:5-80
	android:name
		ADDED from src/main/AndroidManifest.xml:15:22-77
application
ADDED from src/main/AndroidManifest.xml:17:5-62:19
MERGED from [com.android.support:appcompat-v7:24.0.0-beta1] AndroidManifest.xml:25:5-20
MERGED from [com.android.support:support-v4:24.0.0-beta1] AndroidManifest.xml:25:5-20
MERGED from [com.android.support:support-vector-drawable:24.0.0-beta1] AndroidManifest.xml:23:5-20
MERGED from [com.android.support:support-v4:24.0.0-beta1] AndroidManifest.xml:25:5-20
MERGED from [com.android.support:animated-vector-drawable:24.0.0-beta1] AndroidManifest.xml:22:5-20
MERGED from [com.android.support:support-vector-drawable:24.0.0-beta1] AndroidManifest.xml:23:5-20
MERGED from [com.android.support:support-v4:24.0.0-beta1] AndroidManifest.xml:25:5-20
MERGED from [com.android.support:design:24.0.0-beta1] AndroidManifest.xml:22:5-20
MERGED from [com.android.support:support-v4:24.0.0-beta1] AndroidManifest.xml:25:5-20
MERGED from [com.android.support:support-v4:24.0.0-beta1] AndroidManifest.xml:25:5-20
MERGED from [com.android.support:appcompat-v7:24.0.0-beta1] AndroidManifest.xml:25:5-20
MERGED from [com.android.support:support-v4:24.0.0-beta1] AndroidManifest.xml:25:5-20
MERGED from [com.android.support:support-vector-drawable:24.0.0-beta1] AndroidManifest.xml:23:5-20
MERGED from [com.android.support:support-v4:24.0.0-beta1] AndroidManifest.xml:25:5-20
MERGED from [com.android.support:animated-vector-drawable:24.0.0-beta1] AndroidManifest.xml:22:5-20
MERGED from [com.android.support:support-vector-drawable:24.0.0-beta1] AndroidManifest.xml:23:5-20
MERGED from [com.android.support:support-v4:24.0.0-beta1] AndroidManifest.xml:25:5-20
MERGED from [com.github.clans:fab:1.6.2] AndroidManifest.xml:12:5-20
	android:label
		ADDED from src/main/AndroidManifest.xml:20:9-41
	android:supportsRtl
		ADDED from src/main/AndroidManifest.xml:21:9-35
	android:allowBackup
		ADDED from src/main/AndroidManifest.xml:18:9-35
	android:icon
		ADDED from src/main/AndroidManifest.xml:19:9-43
	android:theme
		ADDED from src/main/AndroidManifest.xml:22:9-40
activity#com.developtech.crony.Home
ADDED from src/main/AndroidManifest.xml:23:9-26:59
	android:label
		ADDED from src/main/AndroidManifest.xml:25:13-56
	android:theme
		ADDED from src/main/AndroidManifest.xml:26:13-56
	android:name
		ADDED from src/main/AndroidManifest.xml:24:13-33
activity#com.developtech.crony.Forgot_Password
ADDED from src/main/AndroidManifest.xml:27:9-30:59
	android:label
		ADDED from src/main/AndroidManifest.xml:29:13-68
	android:theme
		ADDED from src/main/AndroidManifest.xml:30:13-56
	android:name
		ADDED from src/main/AndroidManifest.xml:28:13-44
activity#com.developtech.crony.SignUp
ADDED from src/main/AndroidManifest.xml:31:9-34:59
	android:label
		ADDED from src/main/AndroidManifest.xml:33:13-51
	android:theme
		ADDED from src/main/AndroidManifest.xml:34:13-56
	android:name
		ADDED from src/main/AndroidManifest.xml:32:13-35
activity#com.developtech.crony.Instruction
ADDED from src/main/AndroidManifest.xml:35:9-44:20
	android:label
		ADDED from src/main/AndroidManifest.xml:37:13-63
	android:theme
		ADDED from src/main/AndroidManifest.xml:38:13-56
	android:name
		ADDED from src/main/AndroidManifest.xml:36:13-40
intent-filter#android.intent.action.MAIN+android.intent.category.LAUNCHER
ADDED from src/main/AndroidManifest.xml:39:13-43:29
action#android.intent.action.MAIN
ADDED from src/main/AndroidManifest.xml:40:17-69
	android:name
		ADDED from src/main/AndroidManifest.xml:40:25-66
category#android.intent.category.LAUNCHER
ADDED from src/main/AndroidManifest.xml:42:17-77
	android:name
		ADDED from src/main/AndroidManifest.xml:42:27-74
activity#com.developtech.crony.Verify_OTP
ADDED from src/main/AndroidManifest.xml:45:9-48:59
	android:label
		ADDED from src/main/AndroidManifest.xml:47:13-63
	android:theme
		ADDED from src/main/AndroidManifest.xml:48:13-56
	android:name
		ADDED from src/main/AndroidManifest.xml:46:13-39
receiver#com.developtech.crony.MyReceiver
ADDED from src/main/AndroidManifest.xml:50:9-56:20
	android:exported
		ADDED from src/main/AndroidManifest.xml:52:13-36
	android:name
		ADDED from src/main/AndroidManifest.xml:51:13-39
intent-filter#android.provider.Telephony.SMS_RECEIVED
ADDED from src/main/AndroidManifest.xml:53:13-55:29
action#android.provider.Telephony.SMS_RECEIVED
ADDED from src/main/AndroidManifest.xml:54:17-82
	android:name
		ADDED from src/main/AndroidManifest.xml:54:25-79
activity#com.developtech.crony.LoginPage
ADDED from src/main/AndroidManifest.xml:58:9-61:59
	android:label
		ADDED from src/main/AndroidManifest.xml:60:13-45
	android:theme
		ADDED from src/main/AndroidManifest.xml:61:13-56
	android:name
		ADDED from src/main/AndroidManifest.xml:59:13-38
uses-sdk
INJECTED from src/main/AndroidManifest.xml reason: use-sdk injection requested
MERGED from [com.android.support:appcompat-v7:24.0.0-beta1] AndroidManifest.xml:21:5-23:78
MERGED from [com.android.support:support-v4:24.0.0-beta1] AndroidManifest.xml:21:5-23:54
MERGED from [com.android.support:support-vector-drawable:24.0.0-beta1] AndroidManifest.xml:21:5-43
MERGED from [com.android.support:support-v4:24.0.0-beta1] AndroidManifest.xml:21:5-23:54
MERGED from [com.android.support:animated-vector-drawable:24.0.0-beta1] AndroidManifest.xml:20:5-44
MERGED from [com.android.support:support-vector-drawable:24.0.0-beta1] AndroidManifest.xml:21:5-43
MERGED from [com.android.support:support-v4:24.0.0-beta1] AndroidManifest.xml:21:5-23:54
MERGED from [com.android.support:design:24.0.0-beta1] AndroidManifest.xml:20:5-43
MERGED from [com.android.support:support-v4:24.0.0-beta1] AndroidManifest.xml:21:5-23:54
MERGED from [com.android.support:recyclerview-v7:24.0.0-beta1] AndroidManifest.xml:20:5-43
MERGED from [com.android.support:support-v4:24.0.0-beta1] AndroidManifest.xml:21:5-23:54
MERGED from [com.android.support:appcompat-v7:24.0.0-beta1] AndroidManifest.xml:21:5-23:78
MERGED from [com.android.support:support-v4:24.0.0-beta1] AndroidManifest.xml:21:5-23:54
MERGED from [com.android.support:support-vector-drawable:24.0.0-beta1] AndroidManifest.xml:21:5-43
MERGED from [com.android.support:support-v4:24.0.0-beta1] AndroidManifest.xml:21:5-23:54
MERGED from [com.android.support:animated-vector-drawable:24.0.0-beta1] AndroidManifest.xml:20:5-44
MERGED from [com.android.support:support-vector-drawable:24.0.0-beta1] AndroidManifest.xml:21:5-43
MERGED from [com.android.support:support-v4:24.0.0-beta1] AndroidManifest.xml:21:5-23:54
MERGED from [com.github.clans:fab:1.6.2] AndroidManifest.xml:8:5-10:41
	tools:overrideLibrary
		ADDED from [com.android.support:appcompat-v7:24.0.0-beta1] AndroidManifest.xml:23:9-75
	android:targetSdkVersion
		INJECTED from src/main/AndroidManifest.xml
		INJECTED from src/main/AndroidManifest.xml
	android:minSdkVersion
		INJECTED from src/main/AndroidManifest.xml
		INJECTED from src/main/AndroidManifest.xml